2014-03-13 21:00:19: init
2014-03-13 21:00:21: table: pj_commentmeta segment: 1/1
2014-03-13 21:00:21: table: pj_commentmeta segment: 1/1
2014-03-13 21:00:21: table: pj_comments segment: 1/1
2014-03-13 21:00:21: table: pj_comments segment: 1/1
2014-03-13 21:00:21: table: pj_links segment: 1/1
2014-03-13 21:00:21: table: pj_links segment: 1/1
2014-03-13 21:00:21: table: pj_options segment: 1/1
2014-03-13 21:00:21: table: pj_options segment: 1/1
2014-03-13 21:00:21: table: pj_postmeta segment: 1/1
2014-03-13 21:00:21: table: pj_postmeta segment: 1/1
2014-03-13 21:00:21: table: pj_posts segment: 1/1
2014-03-13 21:00:21: table: pj_posts segment: 1/1
2014-03-13 21:00:21: table: pj_term_relationships segment: 1/1
2014-03-13 21:00:21: table: pj_term_relationships segment: 1/1
2014-03-13 21:00:21: table: pj_term_taxonomy segment: 1/1
2014-03-13 21:00:21: table: pj_term_taxonomy segment: 1/1
2014-03-13 21:00:21: table: pj_terms segment: 1/1
2014-03-13 21:00:21: table: pj_terms segment: 1/1
2014-03-13 21:00:21: table: pj_usermeta segment: 1/1
2014-03-13 21:00:21: table: pj_usermeta segment: 1/1
2014-03-13 21:00:21: table: pj_users segment: 1/1
2014-03-13 21:00:21: table: pj_users segment: 1/1
2014-03-13 21:00:21: table: wp_calendar segment: 1/1
2014-03-13 21:00:21: table: wp_calendar segment: 1/1
2014-03-13 21:00:21: table: wp_calendar_categories segment: 1/1
2014-03-13 21:00:21: table: wp_calendar_categories segment: 1/1
2014-03-13 21:00:21: table: wp_calendar_config segment: 1/1
2014-03-13 21:00:21: table: wp_calendar_config segment: 1/1
2014-03-13 21:00:21: table: wp_commentmeta segment: 1/1
2014-03-13 21:00:21: table: wp_commentmeta segment: 1/1
2014-03-13 21:00:21: table: wp_comments segment: 1/1
2014-03-13 21:00:21: table: wp_comments segment: 1/1
2014-03-13 21:00:21: table: wp_hfecommcommentmeta segment: 1/1
2014-03-13 21:00:21: table: wp_hfecommcommentmeta segment: 1/1
2014-03-13 21:00:21: table: wp_hfecommcomments segment: 1/1
2014-03-13 21:00:21: table: wp_hfecommcomments segment: 1/1
2014-03-13 21:00:21: table: wp_hfecommlinks segment: 1/1
2014-03-13 21:00:21: table: wp_hfecommlinks segment: 1/1
2014-03-13 21:00:21: table: wp_hfecommoptions segment: 1/1
2014-03-13 21:00:21: table: wp_hfecommoptions segment: 1/1
2014-03-13 21:00:21: table: wp_hfecommpostmeta segment: 1/1
2014-03-13 21:00:21: table: wp_hfecommpostmeta segment: 1/1
2014-03-13 21:00:21: table: wp_hfecommposts segment: 1/1
2014-03-13 21:00:21: table: wp_hfecommposts segment: 1/1
2014-03-13 21:00:21: table: wp_hfecommterm_relationships segment: 1/1
2014-03-13 21:00:21: table: wp_hfecommterm_relationships segment: 1/1
2014-03-13 21:00:21: table: wp_hfecommterm_taxonomy segment: 1/1
2014-03-13 21:00:21: table: wp_hfecommterm_taxonomy segment: 1/1
2014-03-13 21:00:21: table: wp_hfecommterms segment: 1/1
2014-03-13 21:00:21: table: wp_hfecommterms segment: 1/1
2014-03-13 21:00:21: table: wp_hfecommusermeta segment: 1/1
2014-03-13 21:00:21: table: wp_hfecommusermeta segment: 1/1
2014-03-13 21:00:21: table: wp_hfecommusers segment: 1/1
2014-03-13 21:00:21: table: wp_hfecommusers segment: 1/1
2014-03-13 21:00:21: table: wp_hfecommwoocommerce_attribute_taxonomies segment: 1/1
2014-03-13 21:00:21: table: wp_hfecommwoocommerce_attribute_taxonomies segment: 1/1
2014-03-13 21:00:21: table: wp_hfecommwoocommerce_downloadable_product_permissions segment: 1/1
2014-03-13 21:00:21: table: wp_hfecommwoocommerce_downloadable_product_permissions segment: 1/1
2014-03-13 21:00:21: table: wp_hfecommwoocommerce_termmeta segment: 1/1
2014-03-13 21:00:21: table: wp_hfecommwoocommerce_termmeta segment: 1/1
2014-03-13 21:00:22: table: wp_hfecommwpsc_also_bought segment: 1/1
2014-03-13 21:00:22: table: wp_hfecommwpsc_also_bought segment: 1/1
2014-03-13 21:00:22: table: wp_hfecommwpsc_cart_contents segment: 1/1
2014-03-13 21:00:22: table: wp_hfecommwpsc_cart_contents segment: 1/1
2014-03-13 21:00:22: table: wp_hfecommwpsc_checkout_forms segment: 1/1
2014-03-13 21:00:22: table: wp_hfecommwpsc_checkout_forms segment: 1/1
2014-03-13 21:00:22: table: wp_hfecommwpsc_claimed_stock segment: 1/1
2014-03-13 21:00:22: table: wp_hfecommwpsc_claimed_stock segment: 1/1
2014-03-13 21:00:22: table: wp_hfecommwpsc_coupon_codes segment: 1/1
2014-03-13 21:00:22: table: wp_hfecommwpsc_coupon_codes segment: 1/1
2014-03-13 21:00:22: table: wp_hfecommwpsc_currency_list segment: 1/1
2014-03-13 21:00:22: table: wp_hfecommwpsc_currency_list segment: 1/1
2014-03-13 21:00:22: table: wp_hfecommwpsc_download_status segment: 1/1
2014-03-13 21:00:22: table: wp_hfecommwpsc_download_status segment: 1/1
2014-03-13 21:00:22: table: wp_hfecommwpsc_meta segment: 1/1
2014-03-13 21:00:22: table: wp_hfecommwpsc_meta segment: 1/1
2014-03-13 21:00:22: table: wp_hfecommwpsc_product_rating segment: 1/1
2014-03-13 21:00:22: table: wp_hfecommwpsc_product_rating segment: 1/1
2014-03-13 21:00:22: table: wp_hfecommwpsc_purchase_logs segment: 1/1
2014-03-13 21:00:22: table: wp_hfecommwpsc_purchase_logs segment: 1/1
2014-03-13 21:00:22: table: wp_hfecommwpsc_region_tax segment: 1/1
2014-03-13 21:00:22: table: wp_hfecommwpsc_region_tax segment: 1/1
2014-03-13 21:00:22: table: wp_hfecommwpsc_submited_form_data segment: 1/1
2014-03-13 21:00:22: table: wp_hfecommwpsc_submited_form_data segment: 1/1
2014-03-13 21:00:22: table: wp_links segment: 1/1
2014-03-13 21:00:22: table: wp_links segment: 1/1
2014-03-13 21:00:22: table: wp_options segment: 1/1
2014-03-13 21:00:22: table: wp_options segment: 1/1
2014-03-13 21:00:22: table: wp_postmeta segment: 1/6
2014-03-13 21:00:22: table: wp_postmeta segment: 1/6
2014-03-13 21:00:22: table: wp_postmeta segment: 2/6
2014-03-13 21:00:22: table: wp_postmeta segment: 2/6
2014-03-13 21:00:22: table: wp_postmeta segment: 3/6
2014-03-13 21:00:22: table: wp_postmeta segment: 3/6
2014-03-13 21:00:23: table: wp_postmeta segment: 4/6
2014-03-13 21:00:23: table: wp_postmeta segment: 4/6
2014-03-13 21:00:23: table: wp_postmeta segment: 5/6
2014-03-13 21:00:23: table: wp_postmeta segment: 5/6
2014-03-13 21:00:23: table: wp_postmeta segment: 6/6
2014-03-13 21:00:23: table: wp_postmeta segment: 6/6
2014-03-13 21:00:23: table: wp_posts segment: 1/1
2014-03-13 21:00:23: table: wp_posts segment: 1/1
2014-03-13 21:00:23: table: wp_term_relationships segment: 1/1
2014-03-13 21:00:23: table: wp_term_relationships segment: 1/1
2014-03-13 21:00:23: table: wp_term_taxonomy segment: 1/1
2014-03-13 21:00:23: table: wp_term_taxonomy segment: 1/1
2014-03-13 21:00:23: table: wp_termmeta segment: 1/1
2014-03-13 21:00:23: table: wp_termmeta segment: 1/1
2014-03-13 21:00:23: table: wp_terms segment: 1/1
2014-03-13 21:00:23: table: wp_terms segment: 1/1
2014-03-13 21:00:23: table: wp_usermeta segment: 1/1
2014-03-13 21:00:23: table: wp_usermeta segment: 1/1
2014-03-13 21:00:23: table: wp_users segment: 1/1
2014-03-13 21:00:23: table: wp_users segment: 1/1
2014-03-13 21:00:23: table: wp_woocommerce_attribute_taxonomies segment: 1/1
2014-03-13 21:00:23: table: wp_woocommerce_attribute_taxonomies segment: 1/1
2014-03-13 21:00:23: table: wp_woocommerce_downloadable_product_permissions segment: 1/1
2014-03-13 21:00:23: table: wp_woocommerce_downloadable_product_permissions segment: 1/1
2014-03-13 21:00:23: table: wp_woocommerce_termmeta segment: 1/1
2014-03-13 21:00:23: table: wp_woocommerce_termmeta segment: 1/1
2014-03-13 21:00:24: table: wp_wponlinebackup_activity_log segment: 1/1
2014-03-13 21:00:24: table: wp_wponlinebackup_activity_log segment: 1/1
2014-03-13 21:00:24: table: wp_wponlinebackup_event_log segment: 1/1
2014-03-13 21:00:24: table: wp_wponlinebackup_event_log segment: 1/1
2014-03-13 21:00:24: table: wp_wponlinebackup_generations segment: 1/1
2014-03-13 21:00:24: table: wp_wponlinebackup_generations segment: 1/1
2014-03-13 21:00:24: table: wp_wponlinebackup_items segment: 1/1
2014-03-13 21:00:24: table: wp_wponlinebackup_items segment: 1/1
2014-03-13 21:00:24: table: wp_wponlinebackup_scan_log segment: 1/1
2014-03-13 21:00:24: table: wp_wponlinebackup_scan_log segment: 1/1
2014-03-13 21:00:24: table: wp_wponlinebackup_status segment: 1/1
2014-03-13 21:00:24: table: wp_wponlinebackup_status segment: 1/1
2014-03-13 21:00:24: table: goldenacommentmeta segment: 1/1
2014-03-13 21:00:24: table: goldenacommentmeta segment: 1/1
2014-03-13 21:00:24: table: goldenacomments segment: 1/1
2014-03-13 21:00:24: table: goldenacomments segment: 1/1
2014-03-13 21:00:24: table: goldenafrm_display segment: 1/1
2014-03-13 21:00:24: table: goldenafrm_display segment: 1/1
2014-03-13 21:00:24: table: goldenafrm_fields segment: 1/1
2014-03-13 21:00:24: table: goldenafrm_fields segment: 1/1
2014-03-13 21:00:24: table: goldenafrm_forms segment: 1/1
2014-03-13 21:00:24: table: goldenafrm_forms segment: 1/1
2014-03-13 21:00:24: table: goldenafrm_item_metas segment: 1/1
2014-03-13 21:00:24: table: goldenafrm_item_metas segment: 1/1
2014-03-13 21:00:24: table: goldenafrm_items segment: 1/1
2014-03-13 21:00:24: table: goldenafrm_items segment: 1/1
2014-03-13 21:00:24: table: goldenalinks segment: 1/1
2014-03-13 21:00:24: table: goldenalinks segment: 1/1
2014-03-13 21:00:24: table: goldenaoptions segment: 1/1
2014-03-13 21:00:24: table: goldenaoptions segment: 1/1
2014-03-13 21:00:24: table: goldenapostmeta segment: 1/1
2014-03-13 21:00:24: table: goldenapostmeta segment: 1/1
2014-03-13 21:00:24: table: goldenaposts segment: 1/1
2014-03-13 21:00:24: table: goldenaposts segment: 1/1
2014-03-13 21:00:25: table: goldenaterm_relationships segment: 1/1
2014-03-13 21:00:25: table: goldenaterm_relationships segment: 1/1
2014-03-13 21:00:25: table: goldenaterm_taxonomy segment: 1/1
2014-03-13 21:00:25: table: goldenaterm_taxonomy segment: 1/1
2014-03-13 21:00:25: table: goldenaterms segment: 1/1
2014-03-13 21:00:25: table: goldenaterms segment: 1/1
2014-03-13 21:00:25: table: goldenausermeta segment: 1/1
2014-03-13 21:00:25: table: goldenausermeta segment: 1/1
2014-03-13 21:00:25: table: goldenausers segment: 1/1
2014-03-13 21:00:25: table: goldenausers segment: 1/1
2014-03-13 21:00:25: table: goldenawponlinebackup_activity_log segment: 1/1
2014-03-13 21:00:25: table: goldenawponlinebackup_activity_log segment: 1/1
2014-03-13 21:00:25: table: goldenawponlinebackup_event_log segment: 1/1
2014-03-13 21:00:25: table: goldenawponlinebackup_event_log segment: 1/1
2014-03-13 21:00:25: table: goldenawponlinebackup_generations segment: 1/1
2014-03-13 21:00:25: table: goldenawponlinebackup_generations segment: 1/1
2014-03-13 21:00:25: table: goldenawponlinebackup_items segment: 1/3
2014-03-13 21:00:25: table: goldenawponlinebackup_items segment: 1/3
2014-03-13 21:00:25: table: goldenawponlinebackup_items segment: 2/3
2014-03-13 21:00:25: table: goldenawponlinebackup_items segment: 2/3
2014-03-13 21:00:25: table: goldenawponlinebackup_items segment: 3/3
2014-03-13 21:00:25: table: goldenawponlinebackup_items segment: 3/3
2014-03-13 21:00:25: table: goldenawponlinebackup_scan_log segment: 1/1
2014-03-13 21:00:25: table: goldenawponlinebackup_scan_log segment: 1/1
2014-03-13 21:00:25: table: goldenawponlinebackup_status segment: 1/1
2014-03-13 21:00:25: table: goldenawponlinebackup_status segment: 1/1
2014-03-13 21:00:25: table: istian_commentmeta segment: 1/1
2014-03-13 21:00:25: table: istian_commentmeta segment: 1/1
2014-03-13 21:00:25: table: istian_comments segment: 1/1
2014-03-13 21:00:25: table: istian_comments segment: 1/1
2014-03-13 21:00:25: table: istian_cp segment: 1/1
2014-03-13 21:00:25: table: istian_cp segment: 1/1
2014-03-13 21:00:25: table: istian_links segment: 1/1
2014-03-13 21:00:25: table: istian_links segment: 1/1
2014-03-13 21:00:25: table: istian_options segment: 1/1
2014-03-13 21:00:25: table: istian_options segment: 1/1
2014-03-13 21:00:26: table: istian_postmeta segment: 1/1
2014-03-13 21:00:26: table: istian_postmeta segment: 1/1
2014-03-13 21:00:26: table: istian_posts segment: 1/1
2014-03-13 21:00:26: table: istian_posts segment: 1/1
2014-03-13 21:00:26: table: istian_term_relationships segment: 1/1
2014-03-13 21:00:26: table: istian_term_relationships segment: 1/1
2014-03-13 21:00:26: table: istian_term_taxonomy segment: 1/1
2014-03-13 21:00:26: table: istian_term_taxonomy segment: 1/1
2014-03-13 21:00:26: table: istian_terms segment: 1/1
2014-03-13 21:00:26: table: istian_terms segment: 1/1
2014-03-13 21:00:26: table: istian_usermeta segment: 1/1
2014-03-13 21:00:26: table: istian_usermeta segment: 1/1
2014-03-13 21:00:26: table: istian_users segment: 1/1
2014-03-13 21:00:26: table: istian_users segment: 1/1
2014-03-13 21:00:26: table: istian_wpsc_also_bought segment: 1/1
2014-03-13 21:00:26: table: istian_wpsc_also_bought segment: 1/1
2014-03-13 21:00:26: table: istian_wpsc_cart_contents segment: 1/1
2014-03-13 21:00:26: table: istian_wpsc_cart_contents segment: 1/1
2014-03-13 21:00:26: table: istian_wpsc_checkout_forms segment: 1/1
2014-03-13 21:00:26: table: istian_wpsc_checkout_forms segment: 1/1
2014-03-13 21:00:26: table: istian_wpsc_claimed_stock segment: 1/1
2014-03-13 21:00:26: table: istian_wpsc_claimed_stock segment: 1/1
2014-03-13 21:00:26: table: istian_wpsc_coupon_codes segment: 1/1
2014-03-13 21:00:26: table: istian_wpsc_coupon_codes segment: 1/1
2014-03-13 21:00:26: table: istian_wpsc_currency_list segment: 1/1
2014-03-13 21:00:26: table: istian_wpsc_currency_list segment: 1/1
2014-03-13 21:00:26: table: istian_wpsc_download_status segment: 1/1
2014-03-13 21:00:26: table: istian_wpsc_download_status segment: 1/1
2014-03-13 21:00:26: table: istian_wpsc_meta segment: 1/1
2014-03-13 21:00:26: table: istian_wpsc_meta segment: 1/1
2014-03-13 21:00:26: table: istian_wpsc_product_rating segment: 1/1
2014-03-13 21:00:26: table: istian_wpsc_product_rating segment: 1/1
2014-03-13 21:00:26: table: istian_wpsc_purchase_logs segment: 1/1
2014-03-13 21:00:26: table: istian_wpsc_purchase_logs segment: 1/1
2014-03-13 21:00:26: table: istian_wpsc_region_tax segment: 1/1
2014-03-13 21:00:26: table: istian_wpsc_region_tax segment: 1/1
2014-03-13 21:00:26: table: istian_wpsc_submited_form_data segment: 1/1
2014-03-13 21:00:26: table: istian_wpsc_submited_form_data segment: 1/1
2014-03-13 21:00:27: table: nesconsultcommentmeta segment: 1/1
2014-03-13 21:00:27: table: nesconsultcommentmeta segment: 1/1
2014-03-13 21:00:27: table: nesconsultcomments segment: 1/1
2014-03-13 21:00:27: table: nesconsultcomments segment: 1/1
2014-03-13 21:00:27: table: nesconsultkingsize_albums segment: 1/1
2014-03-13 21:00:27: table: nesconsultkingsize_albums segment: 1/1
2014-03-13 21:00:27: table: nesconsultkingsize_photos segment: 1/1
2014-03-13 21:00:27: table: nesconsultkingsize_photos segment: 1/1
2014-03-13 21:00:27: table: nesconsultlayerslider segment: 1/1
2014-03-13 21:00:27: table: nesconsultlayerslider segment: 1/1
2014-03-13 21:00:27: table: nesconsultlinks segment: 1/1
2014-03-13 21:00:27: table: nesconsultlinks segment: 1/1
2014-03-13 21:00:27: table: nesconsultoptions segment: 1/1
2014-03-13 21:00:27: table: nesconsultoptions segment: 1/1
2014-03-13 21:00:27: table: nesconsultpostmeta segment: 1/2
2014-03-13 21:00:27: table: nesconsultpostmeta segment: 1/2
2014-03-13 21:00:27: table: nesconsultpostmeta segment: 2/2
2014-03-13 21:00:27: table: nesconsultpostmeta segment: 2/2
2014-03-13 21:00:27: table: nesconsultposts segment: 1/1
2014-03-13 21:00:27: table: nesconsultposts segment: 1/1
2014-03-13 21:00:27: table: nesconsultrevslider_css segment: 1/1
2014-03-13 21:00:27: table: nesconsultrevslider_css segment: 1/1
2014-03-13 21:00:27: table: nesconsultrevslider_layer_animations segment: 1/1
2014-03-13 21:00:27: table: nesconsultrevslider_layer_animations segment: 1/1
2014-03-13 21:00:27: table: nesconsultrevslider_settings segment: 1/1
2014-03-13 21:00:27: table: nesconsultrevslider_settings segment: 1/1
2014-03-13 21:00:27: table: nesconsultrevslider_sliders segment: 1/1
2014-03-13 21:00:27: table: nesconsultrevslider_sliders segment: 1/1
2014-03-13 21:00:27: table: nesconsultrevslider_slides segment: 1/1
2014-03-13 21:00:27: table: nesconsultrevslider_slides segment: 1/1
2014-03-13 21:00:27: table: nesconsultterm_relationships segment: 1/1
2014-03-13 21:00:27: table: nesconsultterm_relationships segment: 1/1
2014-03-13 21:00:27: table: nesconsultterm_taxonomy segment: 1/1
2014-03-13 21:00:27: table: nesconsultterm_taxonomy segment: 1/1
2014-03-13 21:00:27: table: nesconsultterms segment: 1/1
2014-03-13 21:00:27: table: nesconsultterms segment: 1/1
2014-03-13 21:00:27: table: nesconsultusermeta segment: 1/1
2014-03-13 21:00:27: table: nesconsultusermeta segment: 1/1
2014-03-13 21:00:28: table: nesconsultusers segment: 1/1
2014-03-13 21:00:28: table: nesconsultusers segment: 1/1
2014-03-13 21:00:28: table: pj_calendar segment: 1/1
2014-03-13 21:00:28: table: pj_calendar segment: 1/1
2014-03-13 21:00:28: table: pj_calendar_categories segment: 1/1
2014-03-13 21:00:28: table: pj_calendar_categories segment: 1/1
2014-03-13 21:00:28: table: pj_calendar_config segment: 1/1
2014-03-13 21:00:28: table: pj_calendar_config segment: 1/1
2014-03-13 21:00:28: table: pj_eab_booking_meta segment: 1/1
2014-03-13 21:00:28: table: pj_eab_booking_meta segment: 1/1
2014-03-13 21:00:28: table: pj_eab_bookings segment: 1/1
2014-03-13 21:00:28: table: pj_eab_bookings segment: 1/1
2014-03-13 21:00:28: table: pj_pieregister_code segment: 1/1
2014-03-13 21:00:28: table: pj_pieregister_code segment: 1/1
2014-03-13 21:00:28: table: pj_revslider_css segment: 1/1
2014-03-13 21:00:28: table: pj_revslider_css segment: 1/1
2014-03-13 21:00:28: table: pj_revslider_layer_animations segment: 1/1
2014-03-13 21:00:28: table: pj_revslider_layer_animations segment: 1/1
2014-03-13 21:00:28: table: pj_revslider_settings segment: 1/1
2014-03-13 21:00:28: table: pj_revslider_settings segment: 1/1
2014-03-13 21:00:28: table: pj_revslider_sliders segment: 1/1
2014-03-13 21:00:28: table: pj_revslider_sliders segment: 1/1
2014-03-13 21:00:28: table: pj_revslider_slides segment: 1/1
2014-03-13 21:00:28: table: pj_revslider_slides segment: 1/1
2014-03-13 21:00:28: table: ska_commentmeta segment: 1/1
2014-03-13 21:00:28: table: ska_commentmeta segment: 1/1
2014-03-13 21:00:28: table: ska_comments segment: 1/1
2014-03-13 21:00:28: table: ska_comments segment: 1/1
2014-03-13 21:00:28: table: ska_links segment: 1/1
2014-03-13 21:00:28: table: ska_links segment: 1/1
2014-03-13 21:00:29: table: ska_mtouchquiz_answer segment: 1/1
2014-03-13 21:00:29: table: ska_mtouchquiz_answer segment: 1/1
2014-03-13 21:00:29: table: ska_mtouchquiz_question segment: 1/1
2014-03-13 21:00:29: table: ska_mtouchquiz_question segment: 1/1
2014-03-13 21:00:29: table: ska_mtouchquiz_quiz segment: 1/1
2014-03-13 21:00:29: table: ska_mtouchquiz_quiz segment: 1/1
2014-03-13 21:00:29: table: ska_mtouchquiz_ratings segment: 1/1
2014-03-13 21:00:29: table: ska_mtouchquiz_ratings segment: 1/1
2014-03-13 21:00:29: table: ska_options segment: 1/1
2014-03-13 21:00:29: table: ska_options segment: 1/1
2014-03-13 21:00:29: table: ska_postmeta segment: 1/1
2014-03-13 21:00:29: table: ska_postmeta segment: 1/1
2014-03-13 21:00:29: table: ska_posts segment: 1/1
2014-03-13 21:00:29: table: ska_posts segment: 1/1
2014-03-13 21:00:29: table: ska_term_relationships segment: 1/1
2014-03-13 21:00:29: table: ska_term_relationships segment: 1/1
2014-03-13 21:00:29: table: ska_term_taxonomy segment: 1/1
2014-03-13 21:00:29: table: ska_term_taxonomy segment: 1/1
2014-03-13 21:00:29: table: ska_terms segment: 1/1
2014-03-13 21:00:29: table: ska_terms segment: 1/1
2014-03-13 21:00:29: table: ska_usermeta segment: 1/1
2014-03-13 21:00:29: table: ska_usermeta segment: 1/1
2014-03-13 21:00:29: table: ska_users segment: 1/1
2014-03-13 21:00:29: table: ska_users segment: 1/1
2014-03-13 21:00:29: table: test_commentmeta segment: 1/1
2014-03-13 21:00:29: table: test_commentmeta segment: 1/1
2014-03-13 21:00:29: table: test_comments segment: 1/1
2014-03-13 21:00:29: table: test_comments segment: 1/1
2014-03-13 21:00:29: table: test_links segment: 1/1
2014-03-13 21:00:29: table: test_links segment: 1/1
2014-03-13 21:00:29: table: test_options segment: 1/1
2014-03-13 21:00:29: table: test_options segment: 1/1
2014-03-13 21:00:29: table: test_postmeta segment: 1/1
2014-03-13 21:00:29: table: test_postmeta segment: 1/1
2014-03-13 21:00:29: table: test_posts segment: 1/1
2014-03-13 21:00:29: table: test_posts segment: 1/1
2014-03-13 21:00:29: table: test_term_relationships segment: 1/1
2014-03-13 21:00:29: table: test_term_relationships segment: 1/1
2014-03-13 21:00:29: table: test_term_taxonomy segment: 1/1
2014-03-13 21:00:29: table: test_term_taxonomy segment: 1/1
2014-03-13 21:00:29: table: test_terms segment: 1/1
2014-03-13 21:00:29: table: test_terms segment: 1/1
2014-03-13 21:00:29: table: test_usermeta segment: 1/1
2014-03-13 21:00:29: table: test_usermeta segment: 1/1
2014-03-13 21:00:30: table: test_users segment: 1/1
2014-03-13 21:00:30: table: test_users segment: 1/1
2014-03-13 21:00:30: Warning: errno:2 set_time_limit(): Cannot set time limit due to system policy /customers/e/e/d/nesconsult.no/httpd.www/pj2100/wp-content/plugins/snapshot/snapshot.php on line 3306
2014-03-13 21:00:30: file: .htaccess
2014-03-13 21:00:30: backupZipFolder[]
2014-03-13 21:00:30: rename: backupZipFile[/customers/e/e/d/nesconsult.no/httpd.www/pj2100/wp-content/uploads/backup/_backup/1394703511/snapshot-backup.zip] backupZipFileFinal[/customers/e/e/d/nesconsult.no/httpd.www/pj2100/wp-content/uploads/backup/snapshot-1394703511-140313-210019-77d3af3a.zip]
2014-03-13 21:00:30: memory limit: 256M: memory usage current: 42.21M: memory usage peak: 47.19M
2014-03-13 21:00:30: finish: snapshot-1394703511-140313-210019-77d3af3a.zip
