2014-03-14 13:13:40: init
2014-03-14 13:13:40: table: pj_commentmeta segment: 1/1
2014-03-14 13:13:40: table: pj_commentmeta segment: 1/1
2014-03-14 13:13:40: table: pj_comments segment: 1/1
2014-03-14 13:13:40: table: pj_comments segment: 1/1
2014-03-14 13:13:40: table: pj_links segment: 1/1
2014-03-14 13:13:40: table: pj_links segment: 1/1
2014-03-14 13:13:40: table: pj_options segment: 1/1
2014-03-14 13:13:40: table: pj_options segment: 1/1
2014-03-14 13:13:40: table: pj_postmeta segment: 1/1
2014-03-14 13:13:40: table: pj_postmeta segment: 1/1
2014-03-14 13:13:40: table: pj_posts segment: 1/1
2014-03-14 13:13:40: table: pj_posts segment: 1/1
2014-03-14 13:13:40: table: pj_term_relationships segment: 1/1
2014-03-14 13:13:40: table: pj_term_relationships segment: 1/1
2014-03-14 13:13:40: table: pj_term_taxonomy segment: 1/1
2014-03-14 13:13:40: table: pj_term_taxonomy segment: 1/1
2014-03-14 13:13:41: table: pj_terms segment: 1/1
2014-03-14 13:13:41: table: pj_terms segment: 1/1
2014-03-14 13:13:41: table: pj_usermeta segment: 1/1
2014-03-14 13:13:41: table: pj_usermeta segment: 1/1
2014-03-14 13:13:41: table: pj_users segment: 1/1
2014-03-14 13:13:41: table: pj_users segment: 1/1
2014-03-14 13:13:41: table: pj_calendar segment: 1/1
2014-03-14 13:13:41: table: pj_calendar segment: 1/1
2014-03-14 13:13:41: table: pj_calendar_categories segment: 1/1
2014-03-14 13:13:41: table: pj_calendar_categories segment: 1/1
2014-03-14 13:13:41: table: pj_calendar_config segment: 1/1
2014-03-14 13:13:41: table: pj_calendar_config segment: 1/1
2014-03-14 13:13:41: table: pj_eab_booking_meta segment: 1/1
2014-03-14 13:13:41: table: pj_eab_booking_meta segment: 1/1
2014-03-14 13:13:41: table: pj_eab_bookings segment: 1/1
2014-03-14 13:13:41: table: pj_eab_bookings segment: 1/1
2014-03-14 13:13:41: table: pj_pieregister_code segment: 1/1
2014-03-14 13:13:41: table: pj_pieregister_code segment: 1/1
2014-03-14 13:13:41: table: pj_revslider_css segment: 1/1
2014-03-14 13:13:41: table: pj_revslider_css segment: 1/1
2014-03-14 13:13:41: table: pj_revslider_layer_animations segment: 1/1
2014-03-14 13:13:41: table: pj_revslider_layer_animations segment: 1/1
2014-03-14 13:13:41: table: pj_revslider_settings segment: 1/1
2014-03-14 13:13:41: table: pj_revslider_settings segment: 1/1
2014-03-14 13:13:41: table: pj_revslider_sliders segment: 1/1
2014-03-14 13:13:41: table: pj_revslider_sliders segment: 1/1
2014-03-14 13:13:41: table: pj_revslider_slides segment: 1/1
2014-03-14 13:13:41: table: pj_revslider_slides segment: 1/1
2014-03-14 13:13:41: Warning: errno:2 set_time_limit(): Cannot set time limit due to system policy /customers/e/e/d/nesconsult.no/httpd.www/pj2100/wp-content/plugins/snapshot/snapshot.php on line 3306
2014-03-14 13:13:41: file: .htaccess
2014-03-14 13:13:41: backupZipFolder[]
2014-03-14 13:13:41: rename: backupZipFile[/customers/e/e/d/nesconsult.no/httpd.www/pj2100/wp-content/uploads/backup/_backup/1394703511/snapshot-backup.zip] backupZipFileFinal[/customers/e/e/d/nesconsult.no/httpd.www/pj2100/wp-content/uploads/backup/snapshot-1394703511-140314-131340-f13f4432.zip]
2014-03-14 13:13:41: memory limit: 256M: memory usage current: 58.2M: memory usage peak: 59.24M
2014-03-14 13:13:41: finish: snapshot-1394703511-140314-131340-f13f4432.zip
